"../../../Engine/Content/EngineMaterials/T_Default_Material_Grid_N.uasset" 0
"../../../Engine/Content/EngineMaterials/T_Default_Material_Grid_N.uexp" 1
"../../../Engine/Content/EngineMaterials/T_Default_Material_Grid_N.ubulk" 2
"../../../Engine/Content/EngineMaterials/T_Default_Material_Grid_M.uasset" 3
"../../../Engine/Content/EngineMaterials/T_Default_Material_Grid_M.uexp" 4
"../../../Engine/Content/EngineMaterials/T_Default_Material_Grid_M.ubulk" 5
"../../../Engine/Content/Functions/Engine_MaterialFunctions01/Opacity/CameraDepthFade.uasset" 6
"../../../Engine/Content/Functions/Engine_MaterialFunctions01/Opacity/CameraDepthFade.uexp" 7
"../../../Engine/Content/EngineMaterials/WorldGridMaterial.uasset" 8
"../../../Engine/Content/EngineMaterials/WorldGridMaterial.uexp" 9
"../../../Engine/Content/ArtTools/RenderToTexture/Meshes/S_1_Unit_Plane.uasset" 10
"../../../Engine/Content/ArtTools/RenderToTexture/Meshes/S_1_Unit_Plane.uexp" 11
"../../../Engine/Content/EngineMaterials/DefaultMaterial.uasset" 12
"../../../Engine/Content/EngineMaterials/DefaultMaterial.uexp" 13
"../../../Engine/Content/BasicShapes/Cone.uasset" 14
"../../../Engine/Content/BasicShapes/Cone.uexp" 15
"../../../Engine/Content/BasicShapes/Plane.uasset" 16
"../../../Engine/Content/BasicShapes/Plane.uexp" 17
"../../../Engine/Content/EditorLandscapeResources/DataLayer.uasset" 18
"../../../Engine/Content/EditorLandscapeResources/DataLayer.uexp" 19
"../../../Engine/Content/EditorLandscapeResources/DefaultAlphaTexture.uasset" 20
"../../../Engine/Content/EditorLandscapeResources/DefaultAlphaTexture.uexp" 21
"../../../Engine/Content/EditorMaterials/MAT_Groups_Toggle.uasset" 22
"../../../Engine/Content/EditorMaterials/MAT_Groups_Toggle.uexp" 23
"../../../Engine/Content/EditorMaterials/MAT_Groups_Visibility.uasset" 24
"../../../Engine/Content/EditorMaterials/MAT_Groups_Visibility.uexp" 25
"../../../Engine/Content/EditorMaterials/PreviewShadowIndicator.uasset" 26
"../../../Engine/Content/EditorMaterials/PreviewShadowIndicator.uexp" 27
"../../../Engine/Content/EditorMaterials/PreviewShadowIndicator.ubulk" 28
"../../../Engine/Content/EditorMaterials/PreviewShadowIndicatorMaterial.uasset" 29
"../../../Engine/Content/EditorMaterials/PreviewShadowIndicatorMaterial.uexp" 30
"../../../Engine/Content/EditorMaterials/MatineeGroups/MAT_ColorTrack.uasset" 31
"../../../Engine/Content/EditorMaterials/MatineeGroups/MAT_ColorTrack.uexp" 32
"../../../Engine/Content/EditorMaterials/MatineeGroups/MAT_Groups_Anim.uasset" 33
"../../../Engine/Content/EditorMaterials/MatineeGroups/MAT_Groups_Anim.uexp" 34
"../../../Engine/Content/EditorMaterials/MatineeGroups/MAT_Groups_AudioMaster.uasset" 35
"../../../Engine/Content/EditorMaterials/MatineeGroups/MAT_Groups_AudioMaster.uexp" 36
"../../../Engine/Content/EditorMaterials/MatineeGroups/MAT_Groups_Director.uasset" 37
"../../../Engine/Content/EditorMaterials/MatineeGroups/MAT_Groups_Director.uexp" 38
"../../../Engine/Content/EditorMaterials/MatineeGroups/MAT_Groups_Event.uasset" 39
"../../../Engine/Content/EditorMaterials/MatineeGroups/MAT_Groups_Event.uexp" 40
"../../../Engine/Content/EditorMaterials/MatineeGroups/MAT_Groups_Fade.uasset" 41
"../../../Engine/Content/EditorMaterials/MatineeGroups/MAT_Groups_Fade.uexp" 42
"../../../Engine/Content/EditorMaterials/MatineeGroups/MAT_Groups_Float.uasset" 43
"../../../Engine/Content/EditorMaterials/MatineeGroups/MAT_Groups_Float.uexp" 44
"../../../Engine/Content/EditorMaterials/MatineeGroups/MAT_Groups_Move.uasset" 45
"../../../Engine/Content/EditorMaterials/MatineeGroups/MAT_Groups_Move.uexp" 46
"../../../Engine/Content/EditorMaterials/MatineeGroups/MAT_Groups_Slomo.uasset" 47
"../../../Engine/Content/EditorMaterials/MatineeGroups/MAT_Groups_Slomo.uexp" 48
"../../../Engine/Content/EditorMaterials/MatineeGroups/MAT_Groups_Sound.uasset" 49
"../../../Engine/Content/EditorMaterials/MatineeGroups/MAT_Groups_Sound.uexp" 50
"../../../Engine/Content/EditorMaterials/MatineeGroups/MAT_Groups_Vector.uasset" 51
"../../../Engine/Content/EditorMaterials/MatineeGroups/MAT_Groups_Vector.uexp" 52
"../../../Engine/Content/EditorMaterials/ParticleSystems/PSysThumbnail_NoImage.uasset" 53
"../../../Engine/Content/EditorMaterials/ParticleSystems/PSysThumbnail_NoImage.uexp" 54
"../../../Engine/Content/EditorMaterials/ParticleSystems/PSysThumbnail_NoImage.ubulk" 55
"../../../Engine/Content/EditorMaterials/ParticleSystems/PSysThumbnail_OOD.uasset" 56
"../../../Engine/Content/EditorMaterials/ParticleSystems/PSysThumbnail_OOD.uexp" 57
"../../../Engine/Content/EditorMaterials/ParticleSystems/PSysThumbnail_OOD.ubulk" 58
"../../../Engine/Content/EditorMaterials/Camera/CineMat.uasset" 59
"../../../Engine/Content/EditorMaterials/Camera/CineMat.uexp" 60
"../../../Engine/Content/EditorMaterials/Camera/MI_CineMat_Rig.uasset" 61
"../../../Engine/Content/EditorMaterials/Camera/MI_CineMat_Rig.uexp" 62
"../../../Engine/Content/EditorMeshes/Camera/SM_CraneRig_Arm.uasset" 63
"../../../Engine/Content/EditorMeshes/Camera/SM_CraneRig_Arm.uexp" 64
"../../../Engine/Content/EditorMeshes/Camera/SM_CraneRig_Base.uasset" 65
"../../../Engine/Content/EditorMeshes/Camera/SM_CraneRig_Base.uexp" 66
"../../../Engine/Content/EditorMeshes/Camera/SM_CraneRig_Body.uasset" 67
"../../../Engine/Content/EditorMeshes/Camera/SM_CraneRig_Body.uexp" 68
"../../../Engine/Content/EditorMeshes/Camera/SM_CraneRig_Mount.uasset" 69
"../../../Engine/Content/EditorMeshes/Camera/SM_CraneRig_Mount.uexp" 70
"../../../Engine/Content/EditorMeshes/Camera/SM_RailRig_Mount.uasset" 71
"../../../Engine/Content/EditorMeshes/Camera/SM_RailRig_Mount.uexp" 72
"../../../Engine/Content/EditorMeshes/Camera/SM_RailRig_Track.uasset" 73
"../../../Engine/Content/EditorMeshes/Camera/SM_RailRig_Track.uexp" 74
"../../../Engine/Content/EditorResources/BSPVertex.uasset" 75
"../../../Engine/Content/EditorResources/BSPVertex.uexp" 76
"../../../Engine/Content/EditorResources/EmptyActor.uasset" 77
"../../../Engine/Content/EditorResources/EmptyActor.uexp" 78
"../../../Engine/Content/EditorResources/S_Actor.uasset" 79
"../../../Engine/Content/EditorResources/S_Actor.uexp" 80
"../../../Engine/Content/EditorResources/S_Actor.ubulk" 81
"../../../Engine/Content/EditorResources/S_Note.uasset" 82
"../../../Engine/Content/EditorResources/S_Note.uexp" 83
"../../../Engine/Content/EditorResources/S_Note.ubulk" 84
"../../../Engine/Content/EditorResources/S_Solver.uasset" 85
"../../../Engine/Content/EditorResources/S_Solver.uexp" 86
"../../../Engine/Content/EditorResources/S_Solver.ubulk" 87
"../../../Engine/Content/EditorResources/S_Terrain.uasset" 88
"../../../Engine/Content/EditorResources/S_Terrain.uexp" 89
"../../../Engine/Content/EditorResources/S_Terrain.ubulk" 90
"../../../Engine/Content/EditorResources/S_Trigger.uasset" 91
"../../../Engine/Content/EditorResources/S_Trigger.uexp" 92
"../../../Engine/Content/EditorResources/S_Trigger.ubulk" 93
"../../../Engine/Content/EditorResources/AudioIcons/S_AudioComponent_AutoActivate.uasset" 94
"../../../Engine/Content/EditorResources/AudioIcons/S_AudioComponent_AutoActivate.uexp" 95
"../../../Engine/Content/EditorResources/AudioIcons/S_AudioComponent_AutoActivate.ubulk" 96
"../../../Engine/Content/EditorResources/LightIcons/S_LightError.uasset" 97
"../../../Engine/Content/EditorResources/LightIcons/S_LightError.uexp" 98
"../../../Engine/Content/EditorResources/SequenceRecorder/Countdown.uasset" 99
"../../../Engine/Content/EditorResources/SequenceRecorder/Countdown.uexp" 100
"../../../Engine/Content/EditorResources/SequenceRecorder/RecordingIndicator.uasset" 101
"../../../Engine/Content/EditorResources/SequenceRecorder/RecordingIndicator.uexp" 102
"../../../Engine/Content/EngineDamageTypes/DmgTypeBP_Environmental.uasset" 103
"../../../Engine/Content/EngineDamageTypes/DmgTypeBP_Environmental.uexp" 104
"../../../Engine/Content/EngineDebugMaterials/DebugEditorMaterial.uasset" 105
"../../../Engine/Content/EngineDebugMaterials/DebugEditorMaterial.uexp" 106
"../../../Engine/Content/EngineDebugMaterials/DebugMeshMaterial.uasset" 107
"../../../Engine/Content/EngineDebugMaterials/DebugMeshMaterial.uexp" 108
"../../../Engine/Content/EngineDebugMaterials/M_SimpleUnlitTranslucent.uasset" 109
"../../../Engine/Content/EngineDebugMaterials/M_SimpleUnlitTranslucent.uexp" 110
"../../../Engine/Content/EngineDebugMaterials/VolumeToRender.uasset" 111
"../../../Engine/Content/EngineDebugMaterials/VolumeToRender.uexp" 112
"../../../Engine/Content/Functions/Engine_MaterialFunctions02/Utility/CameraDirectionVector.uasset" 113
"../../../Engine/Content/Functions/Engine_MaterialFunctions02/Utility/CameraDirectionVector.uexp" 114
"../../../Engine/Content/EngineDebugMaterials/M_VolumeRenderSphereTracePP.uasset" 115
"../../../Engine/Content/EngineDebugMaterials/M_VolumeRenderSphereTracePP.uexp" 116
"../../../Engine/Content/Functions/Engine_MaterialFunctions01/Shading/ConvertFromDiffSpec.uasset" 117
"../../../Engine/Content/Functions/Engine_MaterialFunctions01/Shading/ConvertFromDiffSpec.uexp" 118
"../../../Engine/Content/EngineDebugMaterials/VertexColorMaterial.uasset" 119
"../../../Engine/Content/EngineDebugMaterials/VertexColorMaterial.uexp" 120
"../../../Engine/Content/EngineDebugMaterials/WireframeMaterial.uasset" 121
"../../../Engine/Content/EngineDebugMaterials/WireframeMaterial.uexp" 122
"../../../Engine/Content/EngineFonts/Faces/RobotoRegular.uasset" 123
"../../../Engine/Content/EngineFonts/Faces/RobotoRegular.uexp" 124
"../../../Engine/Content/EngineFonts/Faces/RobotoRegular.ufont" 125
"../../../Engine/Content/EngineFonts/Faces/RobotoLight.uasset" 126
"../../../Engine/Content/EngineFonts/Faces/RobotoLight.uexp" 127
"../../../Engine/Content/EngineFonts/Faces/RobotoLight.ufont" 128
"../../../Engine/Content/EngineFonts/Faces/RobotoItalic.uasset" 129
"../../../Engine/Content/EngineFonts/Faces/RobotoItalic.uexp" 130
"../../../Engine/Content/EngineFonts/Faces/RobotoItalic.ufont" 131
"../../../Engine/Content/EngineFonts/Faces/RobotoBoldItalic.uasset" 132
"../../../Engine/Content/EngineFonts/Faces/RobotoBoldItalic.uexp" 133
"../../../Engine/Content/EngineFonts/Faces/RobotoBoldItalic.ufont" 134
"../../../Engine/Content/EngineFonts/Faces/RobotoBold.uasset" 135
"../../../Engine/Content/EngineFonts/Faces/RobotoBold.uexp" 136
"../../../Engine/Content/EngineFonts/Faces/RobotoBold.ufont" 137
"../../../Engine/Content/EngineFonts/Faces/DroidSansFallback.uasset" 138
"../../../Engine/Content/EngineFonts/Faces/DroidSansFallback.uexp" 139
"../../../Engine/Content/EngineFonts/Faces/DroidSansFallback.ufont" 140
"../../../Engine/Content/EngineFonts/Roboto.uasset" 141
"../../../Engine/Content/EngineFonts/Roboto.uexp" 142
"../../../Engine/Content/EngineMaterials/BaseFlattenNormalMap.uasset" 143
"../../../Engine/Content/EngineMaterials/BaseFlattenNormalMap.uexp" 144
"../../../Engine/Content/EngineMaterials/BaseFlattenGrayscaleMap.uasset" 145
"../../../Engine/Content/EngineMaterials/BaseFlattenGrayscaleMap.uexp" 146
"../../../Engine/Content/EngineMaterials/BaseFlattenEmissiveMap.uasset" 147
"../../../Engine/Content/EngineMaterials/BaseFlattenEmissiveMap.uexp" 148
"../../../Engine/Content/EngineMaterials/BaseFlattenDiffuseMap.uasset" 149
"../../../Engine/Content/EngineMaterials/BaseFlattenDiffuseMap.uexp" 150
"../../../Engine/Content/EngineMaterials/BaseFlattenMaterial.uasset" 151
"../../../Engine/Content/EngineMaterials/BaseFlattenMaterial.uexp" 152
"../../../Engine/Content/EngineMaterials/BlueNoise.uasset" 153
"../../../Engine/Content/EngineMaterials/BlueNoise.uexp" 154
"../../../Engine/Content/EngineMaterials/DefaultBloomKernel.uasset" 155
"../../../Engine/Content/EngineMaterials/DefaultBloomKernel.uexp" 156
"../../../Engine/Content/EngineMaterials/DefaultBokeh.uasset" 157
"../../../Engine/Content/EngineMaterials/DefaultBokeh.uexp" 158
"../../../Engine/Content/EngineMaterials/DefaultDiffuse.uasset" 159
"../../../Engine/Content/EngineMaterials/DefaultDiffuse.uexp" 160
"../../../Engine/Content/EngineMaterials/DefaultDiffuse.ubulk" 161
"../../../Engine/Content/EngineMaterials/DefaultDeferredDecalMaterial.uasset" 162
"../../../Engine/Content/EngineMaterials/DefaultDeferredDecalMaterial.uexp" 163
"../../../Engine/Content/EngineMaterials/DefaultLightFunctionMaterial.uasset" 164
"../../../Engine/Content/EngineMaterials/DefaultLightFunctionMaterial.uexp" 165
"../../../Engine/Content/EngineMaterials/DefaultPhysicalMaterial.uasset" 166
"../../../Engine/Content/EngineMaterials/DefaultPhysicalMaterial.uexp" 167
"../../../Engine/Content/Functions/Engine_MaterialFunctions02/Utility/BreakOutFloat2Components.uasset" 168
"../../../Engine/Content/Functions/Engine_MaterialFunctions02/Utility/BreakOutFloat2Components.uexp" 169
"../../../Engine/Content/EngineMaterials/DefaultPostProcessMaterial.uasset" 170
"../../../Engine/Content/EngineMaterials/DefaultPostProcessMaterial.uexp" 171
"../../../Engine/Content/EngineFonts/RobotoDistanceField.uasset" 172
"../../../Engine/Content/EngineFonts/RobotoDistanceField.uexp" 173
"../../../Engine/Content/EngineMaterials/DefaultTextMaterialOpaque.uasset" 174
"../../../Engine/Content/EngineMaterials/DefaultTextMaterialOpaque.uexp" 175
"../../../Engine/Content/EngineMaterials/DefaultWhiteGrid.uasset" 176
"../../../Engine/Content/EngineMaterials/DefaultWhiteGrid.uexp" 177
"../../../Engine/Content/EngineMaterials/DefaultWhiteGrid.ubulk" 178
"../../../Engine/Content/EngineMaterials/DefaultWhiteGrid_Low.uasset" 179
"../../../Engine/Content/EngineMaterials/DefaultWhiteGrid_Low.uexp" 180
"../../../Engine/Content/EngineMaterials/EmissiveMeshMaterial.uasset" 181
"../../../Engine/Content/EngineMaterials/EmissiveMeshMaterial.uexp" 182
"../../../Engine/Content/EngineMaterials/GizmoMaterial.uasset" 183
"../../../Engine/Content/EngineMaterials/GizmoMaterial.uexp" 184
"../../../Engine/Content/EngineMaterials/MiniFont.uasset" 185
"../../../Engine/Content/EngineMaterials/MiniFont.uexp" 186
"../../../Engine/Content/EngineMaterials/InvalidLightmapSettings.uasset" 187
"../../../Engine/Content/EngineMaterials/InvalidLightmapSettings.uexp" 188
"../../../Engine/Content/EngineMaterials/InvalidLightmapSettings.ubulk" 189
"../../../Engine/Content/EngineMaterials/M_InvalidLightmapSettings.uasset" 190
"../../../Engine/Content/EngineMaterials/M_InvalidLightmapSettings.uexp" 191
"../../../Engine/Content/Functions/Engine_MaterialFunctions02/WorldPositionOffset/CameraOffset.uasset" 192
"../../../Engine/Content/Functions/Engine_MaterialFunctions02/WorldPositionOffset/CameraOffset.uexp" 193
"../../../Engine/Content/EngineMaterials/PhAT_JointLimitMaterial.uasset" 194
"../../../Engine/Content/EngineMaterials/PhAT_JointLimitMaterial.uexp" 195
"../../../Engine/Content/EngineMaterials/PreintegratedSkinBRDF.uasset" 196
"../../../Engine/Content/EngineMaterials/PreintegratedSkinBRDF.uexp" 197
"../../../Engine/Content/EngineMaterials/RemoveSurfaceMaterial.uasset" 198
"../../../Engine/Content/EngineMaterials/RemoveSurfaceMaterial.uexp" 199
"../../../Engine/Content/EngineMaterials/WeightMapPlaceholderTexture.uasset" 200
"../../../Engine/Content/EngineMaterials/WeightMapPlaceholderTexture.uexp" 201
"../../../Engine/Content/EngineResources/WhiteSquareTexture.uasset" 202
"../../../Engine/Content/EngineResources/WhiteSquareTexture.uexp" 203
"../../../Engine/Content/EngineMaterials/Widget3DPassThrough.uasset" 204
"../../../Engine/Content/EngineMaterials/Widget3DPassThrough.uexp" 205
"../../../Engine/Content/EngineMaterials/Widget3DPassThrough_Masked.uasset" 206
"../../../Engine/Content/EngineMaterials/Widget3DPassThrough_Masked.uexp" 207
"../../../Engine/Content/EngineMaterials/Widget3DPassThrough_Opaque.uasset" 208
"../../../Engine/Content/EngineMaterials/Widget3DPassThrough_Opaque.uexp" 209
"../../../Engine/Content/EngineMaterials/Widget3DPassThrough_Masked_OneSided.uasset" 210
"../../../Engine/Content/EngineMaterials/Widget3DPassThrough_Masked_OneSided.uexp" 211
"../../../Engine/Content/EngineMaterials/Widget3DPassThrough_Opaque_OneSided.uasset" 212
"../../../Engine/Content/EngineMaterials/Widget3DPassThrough_Opaque_OneSided.uexp" 213
"../../../Engine/Content/EngineMaterials/Widget3DPassThrough_Translucent.uasset" 214
"../../../Engine/Content/EngineMaterials/Widget3DPassThrough_Translucent.uexp" 215
"../../../Engine/Content/EngineMaterials/Widget3DPassThrough_Translucent_OneSided.uasset" 216
"../../../Engine/Content/EngineMaterials/Widget3DPassThrough_Translucent_OneSided.uexp" 217
"../../../Engine/Content/EngineMeshes/Cylinder.uasset" 218
"../../../Engine/Content/EngineMeshes/Cylinder.uexp" 219
"../../../Engine/Content/EngineMeshes/Sphere.uasset" 220
"../../../Engine/Content/EngineMeshes/Sphere.uexp" 221
"../../../Engine/Content/EngineResources/DefaultTexture.uasset" 222
"../../../Engine/Content/EngineResources/DefaultTexture.uexp" 223
"../../../Engine/Content/EngineResources/DefaultTexture.ubulk" 224
"../../../Engine/Content/EngineResources/DefaultTextureCube.uasset" 225
"../../../Engine/Content/EngineResources/DefaultTextureCube.uexp" 226
"../../../Engine/Content/EngineResources/DefaultVolumeTexture2D.uasset" 227
"../../../Engine/Content/EngineResources/DefaultVolumeTexture2D.uexp" 228
"../../../Engine/Content/EngineResources/DefaultVolumeTexture.uasset" 229
"../../../Engine/Content/EngineResources/DefaultVolumeTexture.uexp" 230
"../../../Engine/Content/EngineResources/GradientTexture0.uasset" 231
"../../../Engine/Content/EngineResources/GradientTexture0.uexp" 232
"../../../Engine/Content/EngineSky/VolumetricClouds/T_NoiseShape64.uasset" 233
"../../../Engine/Content/EngineSky/VolumetricClouds/T_NoiseShape64.uexp" 234
"../../../Engine/Content/EngineSky/VolumetricClouds/T_NoiseShape64.ubulk" 235
"../../../Engine/Content/EngineSky/VolumetricClouds/T_VolumeNoiseShape64.uasset" 236
"../../../Engine/Content/EngineSky/VolumetricClouds/T_VolumeNoiseShape64.uexp" 237
"../../../Engine/Content/EngineSky/VolumetricClouds/T_NoiseErosion.uasset" 238
"../../../Engine/Content/EngineSky/VolumetricClouds/T_NoiseErosion.uexp" 239
"../../../Engine/Content/EngineSky/VolumetricClouds/T_NoiseErosion.ubulk" 240
"../../../Engine/Content/EngineSky/VolumetricClouds/T_VolumeNoiseErosion32.uasset" 241
"../../../Engine/Content/EngineSky/VolumetricClouds/T_VolumeNoiseErosion32.uexp" 242
"../../../Engine/Content/EngineSky/VolumetricClouds/CloudWeatherTexture.uasset" 243
"../../../Engine/Content/EngineSky/VolumetricClouds/CloudWeatherTexture.uexp" 244
"../../../Engine/Content/EngineSky/VolumetricClouds/CloudGradientTexture.uasset" 245
"../../../Engine/Content/EngineSky/VolumetricClouds/CloudGradientTexture.uexp" 246
"../../../Engine/Content/Functions/Engine_MaterialFunctions02/Utility/MakeFloat2.uasset" 247
"../../../Engine/Content/Functions/Engine_MaterialFunctions02/Utility/MakeFloat2.uexp" 248
"../../../Engine/Content/EngineSky/VolumetricClouds/m_SimpleVolumetricCloud.uasset" 249
"../../../Engine/Content/EngineSky/VolumetricClouds/m_SimpleVolumetricCloud.uexp" 250
"../../../Engine/Content/EngineSky/VolumetricClouds/m_SimpleVolumetricCloud_Inst.uasset" 251
"../../../Engine/Content/EngineSky/VolumetricClouds/m_SimpleVolumetricCloud_Inst.uexp" 252
"../../../Engine/Content/EngineSounds/Master.uasset" 253
"../../../Engine/Content/EngineSounds/Master.uexp" 254
"../../../Engine/Content/Functions/Engine_MaterialFunctions01/Shading/PowerToRoughness.uasset" 255
"../../../Engine/Content/Functions/Engine_MaterialFunctions01/Shading/PowerToRoughness.uexp" 256
"../../../Engine/Content/Maps/Templates/Thumbnails/Default.uasset" 257
"../../../Engine/Content/Maps/Templates/Thumbnails/Default.uexp" 258
"../../../Engine/Content/Maps/Templates/Thumbnails/TimeOfDay.uasset" 259
"../../../Engine/Content/Maps/Templates/Thumbnails/TimeOfDay.uexp" 260
"../../../Engine/Content/Maps/Templates/Thumbnails/VR-Basic.uasset" 261
"../../../Engine/Content/Maps/Templates/Thumbnails/VR-Basic.uexp" 262
"../../../Engine/Content/MobileResources/T_MobileControls_texture.uasset" 263
"../../../Engine/Content/MobileResources/T_MobileControls_texture.uexp" 264
"../../../Engine/Content/MobileResources/T_MobileMenu2.uasset" 265
"../../../Engine/Content/MobileResources/T_MobileMenu2.uexp" 266
"../../../Engine/Content/MobileResources/HUD/AnalogHat.uasset" 267
"../../../Engine/Content/MobileResources/HUD/AnalogHat.uexp" 268
"../../../Engine/Content/MobileResources/HUD/VirtualJoystick_Thumb.uasset" 269
"../../../Engine/Content/MobileResources/HUD/VirtualJoystick_Thumb.uexp" 270
"../../../Engine/Content/MobileResources/HUD/VirtualJoystick_Background.uasset" 271
"../../../Engine/Content/MobileResources/HUD/VirtualJoystick_Background.uexp" 272
"../../../Engine/Content/MobileResources/HUD/DefaultVirtualJoysticks.uasset" 273
"../../../Engine/Content/MobileResources/HUD/DefaultVirtualJoysticks.uexp" 274
"../../../Engine/Content/MobileResources/HUD/LeftVirtualJoystickOnly.uasset" 275
"../../../Engine/Content/MobileResources/HUD/LeftVirtualJoystickOnly.uexp" 276
"../../../Engine/Content/MobileResources/HUD/MobileHUDButton1_off.uasset" 277
"../../../Engine/Content/MobileResources/HUD/MobileHUDButton1_off.uexp" 278
"../../../Engine/Content/MobileResources/HUD/MobileHUDButton1_on.uasset" 279
"../../../Engine/Content/MobileResources/HUD/MobileHUDButton1_on.uexp" 280
"../../../Engine/Content/MobileResources/HUD/MobileHUDButton2_off.uasset" 281
"../../../Engine/Content/MobileResources/HUD/MobileHUDButton2_off.uexp" 282
"../../../Engine/Content/MobileResources/HUD/MobileHUDButton2_on.uasset" 283
"../../../Engine/Content/MobileResources/HUD/MobileHUDButton2_on.uexp" 284
"../../../Engine/Content/MobileResources/HUD/MobileHUDButton3.uasset" 285
"../../../Engine/Content/MobileResources/HUD/MobileHUDButton3.uexp" 286
"../../../Engine/Content/MobileResources/HUD/MobileHUDButtonFire.uasset" 287
"../../../Engine/Content/MobileResources/HUD/MobileHUDButtonFire.uexp" 288
"../../../Engine/Content/MobileResources/HUD/MobileHUDDirectionPad.uasset" 289
"../../../Engine/Content/MobileResources/HUD/MobileHUDDirectionPad.uexp" 290
"../../../Engine/Content/MobileResources/HUD/MobileHUDDirectionPad2.uasset" 291
"../../../Engine/Content/MobileResources/HUD/MobileHUDDirectionPad2.uexp" 292
"../../../Engine/Content/MobileResources/HUD/MobileHUDDirectionPad3.uasset" 293
"../../../Engine/Content/MobileResources/HUD/MobileHUDDirectionPad3.uexp" 294
"../../../Engine/Content/MobileResources/HUD/MobileHUDDirectionStick.uasset" 295
"../../../Engine/Content/MobileResources/HUD/MobileHUDDirectionStick.uexp" 296
"../../../Engine/Content/MobileResources/HUD/T_Castle_ThumbstickInner.uasset" 297
"../../../Engine/Content/MobileResources/HUD/T_Castle_ThumbstickInner.uexp" 298
"../../../Engine/Content/MobileResources/HUD/T_Castle_ThumbstickOutter.uasset" 299
"../../../Engine/Content/MobileResources/HUD/T_Castle_ThumbstickOutter.uexp" 300
"../../../Engine/Content/Tutorial/ContentIntroCurve.uasset" 301
"../../../Engine/Content/Tutorial/ContentIntroCurve.uexp" 302
"../../../Engine/Content/Tutorial/Basics/TutorialAssets/icon_tab_Levels_40x.uasset" 303
"../../../Engine/Content/Tutorial/Basics/TutorialAssets/icon_tab_Levels_40x.uexp" 304
"../../../Engine/Content/VREditor/TransformGizmo/TranslucentTransformGizmoMaterial.uasset" 305
"../../../Engine/Content/VREditor/TransformGizmo/TranslucentTransformGizmoMaterial.uexp" 306
"../../../Engine/Content/VREditor/LaserPointer/VR_LaserPower_01.uasset" 307
"../../../Engine/Content/VREditor/LaserPointer/VR_LaserPower_01.uexp" 308
"../../../Engine/Content/VREditor/LaserPointer/VR_LaserPower_01.ubulk" 309
"../../../Engine/Content/VREditor/TransformGizmo/TransformGizmoMaterial.uasset" 310
"../../../Engine/Content/VREditor/TransformGizmo/TransformGizmoMaterial.uexp" 311
"../../../Engine/Content/VREditor/TransformGizmo/BoundingBoxCorner.uasset" 312
"../../../Engine/Content/VREditor/TransformGizmo/BoundingBoxCorner.uexp" 313
"../../../Engine/Content/VREditor/TransformGizmo/BoundingBoxEdge.uasset" 314
"../../../Engine/Content/VREditor/TransformGizmo/BoundingBoxEdge.uexp" 315
"../../../Engine/Content/VREditor/TransformGizmo/PlaneTranslationHandle.uasset" 316
"../../../Engine/Content/VREditor/TransformGizmo/PlaneTranslationHandle.uexp" 317
"../../../Engine/Content/VREditor/TransformGizmo/Xray.uasset" 318
"../../../Engine/Content/VREditor/TransformGizmo/Xray.uexp" 319
"../../../Engine/Content/VREditor/TransformGizmo/Main.uasset" 320
"../../../Engine/Content/VREditor/TransformGizmo/Main.uexp" 321
"../../../Engine/Content/VREditor/TransformGizmo/SM_Sequencer_Key.uasset" 322
"../../../Engine/Content/VREditor/TransformGizmo/SM_Sequencer_Key.uexp" 323
"../../../Engine/Content/VREditor/TransformGizmo/SM_Sequencer_Node.uasset" 324
"../../../Engine/Content/VREditor/TransformGizmo/SM_Sequencer_Node.uexp" 325
"../../../Engine/Plugins/2D/Paper2D/Content/PlaceholderTextures/DummySpriteTexture.uasset" 326
"../../../Engine/Plugins/2D/Paper2D/Content/PlaceholderTextures/DummySpriteTexture.uexp" 327
"../../../Engine/Plugins/2D/Paper2D/Content/PlaceholderTextures/DummySpriteTexture.ubulk" 328
"../../../Engine/Plugins/2D/Paper2D/Content/DummySprite.uasset" 329
"../../../Engine/Plugins/2D/Paper2D/Content/DummySprite.uexp" 330
"../../../Engine/Plugins/2D/Paper2D/Content/DefaultPaperTerrainMaterial.uasset" 331
"../../../Engine/Plugins/2D/Paper2D/Content/DefaultPaperTerrainMaterial.uexp" 332
"../../../Engine/Plugins/2D/Paper2D/Content/DefaultSpriteMaterial.uasset" 333
"../../../Engine/Plugins/2D/Paper2D/Content/DefaultSpriteMaterial.uexp" 334
"../../../Engine/Plugins/2D/Paper2D/Content/MaskedUnlitSpriteMaterial.uasset" 335
"../../../Engine/Plugins/2D/Paper2D/Content/MaskedUnlitSpriteMaterial.uexp" 336
"../../../Engine/Plugins/2D/Paper2D/Content/OpaqueUnlitSpriteMaterial.uasset" 337
"../../../Engine/Plugins/2D/Paper2D/Content/OpaqueUnlitSpriteMaterial.uexp" 338
"../../../Engine/Content/Functions/Engine_MaterialFunctions02/Utility/BreakOutFloat3Components.uasset" 339
"../../../Engine/Content/Functions/Engine_MaterialFunctions02/Utility/BreakOutFloat3Components.uexp" 340
"../../../Engine/Plugins/Editor/SpeedTreeImporter/Content/SpeedTree9/UnpackInteger3.uasset" 341
"../../../Engine/Plugins/Editor/SpeedTreeImporter/Content/SpeedTree9/UnpackInteger3.uexp" 342
"../../../Engine/Plugins/Editor/SpeedTreeImporter/Content/SpeedTree9/UnpackDirection.uasset" 343
"../../../Engine/Plugins/Editor/SpeedTreeImporter/Content/SpeedTree9/UnpackDirection.uexp" 344
"../../../Engine/Plugins/Editor/SpeedTreeImporter/Content/SpeedTree9/game_wind_noise.uasset" 345
"../../../Engine/Plugins/Editor/SpeedTreeImporter/Content/SpeedTree9/game_wind_noise.uexp" 346
"../../../Engine/Plugins/Editor/SpeedTreeImporter/Content/SpeedTree9/game_wind_noise.ubulk" 347
"../../../Engine/Content/Functions/Engine_MaterialFunctions02/SafeNormalize.uasset" 348
"../../../Engine/Content/Functions/Engine_MaterialFunctions02/SafeNormalize.uexp" 349
"../../../Engine/Plugins/Editor/SpeedTreeImporter/Content/SpeedTree9/SpeedTreeWindMotion.uasset" 350
"../../../Engine/Plugins/Editor/SpeedTreeImporter/Content/SpeedTree9/SpeedTreeWindMotion.uexp" 351
"../../../Engine/Plugins/Editor/SpeedTreeImporter/Content/SpeedTree9/SpeedTreeBranchMotion.uasset" 352
"../../../Engine/Plugins/Editor/SpeedTreeImporter/Content/SpeedTree9/SpeedTreeBranchMotion.uexp" 353
"../../../Engine/Content/Functions/Engine_MaterialFunctions02/ObjectLocalBounds.uasset" 354
"../../../Engine/Content/Functions/Engine_MaterialFunctions02/ObjectLocalBounds.uexp" 355
"../../../Engine/Content/Functions/Engine_MaterialFunctions02/UVs/BoundingBoxBased_0-1_UVW.uasset" 356
"../../../Engine/Content/Functions/Engine_MaterialFunctions02/UVs/BoundingBoxBased_0-1_UVW.uexp" 357
"../../../Engine/Content/Functions/Engine_MaterialFunctions02/Utility/VectorLength.uasset" 358
"../../../Engine/Content/Functions/Engine_MaterialFunctions02/Utility/VectorLength.uexp" 359
"../../../Engine/Content/Functions/Engine_MaterialFunctions02/WorldPositionOffset/ObjectScale.uasset" 360
"../../../Engine/Content/Functions/Engine_MaterialFunctions02/WorldPositionOffset/ObjectScale.uexp" 361
"../../../Engine/Plugins/Editor/SpeedTreeImporter/Content/SpeedTree9/SpeedTreeWind.uasset" 362
"../../../Engine/Plugins/Editor/SpeedTreeImporter/Content/SpeedTree9/SpeedTreeWind.uexp" 363
"../../../Engine/Plugins/Editor/SpeedTreeImporter/Content/SpeedTree9/SpeedTreeBillboard.uasset" 364
"../../../Engine/Plugins/Editor/SpeedTreeImporter/Content/SpeedTree9/SpeedTreeBillboard.uexp" 365
"../../../Engine/Plugins/Editor/SpeedTreeImporter/Content/SpeedTree9/EmptyNormal.uasset" 366
"../../../Engine/Plugins/Editor/SpeedTreeImporter/Content/SpeedTree9/EmptyNormal.uexp" 367
"../../../Engine/Plugins/Editor/SpeedTreeImporter/Content/SpeedTree9/Empty.uasset" 368
"../../../Engine/Plugins/Editor/SpeedTreeImporter/Content/SpeedTree9/Empty.uexp" 369
"../../../Engine/Plugins/Editor/SpeedTreeImporter/Content/SpeedTree9/SpeedTreeBillboardMaster.uasset" 370
"../../../Engine/Plugins/Editor/SpeedTreeImporter/Content/SpeedTree9/SpeedTreeBillboardMaster.uexp" 371
"../../../Engine/Plugins/Editor/SpeedTreeImporter/Content/SpeedTree9/SpeedTreeCameraFacing.uasset" 372
"../../../Engine/Plugins/Editor/SpeedTreeImporter/Content/SpeedTree9/SpeedTreeCameraFacing.uexp" 373
"../../../Engine/Plugins/Editor/SpeedTreeImporter/Content/SpeedTree9/SpeedTreeMaster.uasset" 374
"../../../Engine/Plugins/Editor/SpeedTreeImporter/Content/SpeedTree9/SpeedTreeMaster.uexp" 375
"../../../Engine/Content/ArtTools/RenderToTexture/Materials/Debug/M_Emissive_Color.uasset" 376
"../../../Engine/Content/ArtTools/RenderToTexture/Materials/Debug/M_Emissive_Color.uexp" 377
"../../../Engine/Content/BasicShapes/Cylinder.uasset" 378
"../../../Engine/Content/BasicShapes/Cylinder.uexp" 379
"../../../Engine/Plugins/Runtime/OpenXR/Content/Devices/GoogleDaydream/MRTexture.uasset" 380
"../../../Engine/Plugins/Runtime/OpenXR/Content/Devices/GoogleDaydream/MRTexture.uexp" 381
"../../../Engine/Plugins/Runtime/OpenXR/Content/Devices/GoogleDaydream/MRTexture.ubulk" 382
"../../../Engine/Plugins/Runtime/OpenXR/Content/Devices/GoogleDaydream/BaseTexture.uasset" 383
"../../../Engine/Plugins/Runtime/OpenXR/Content/Devices/GoogleDaydream/BaseTexture.uexp" 384
"../../../Engine/Plugins/Runtime/OpenXR/Content/Devices/GoogleDaydream/BaseTexture.ubulk" 385
"../../../Engine/Content/EngineResources/Black.uasset" 386
"../../../Engine/Content/EngineResources/Black.uexp" 387
"../../../Engine/Plugins/Runtime/OpenXR/Content/Devices/M_XRController.uasset" 388
"../../../Engine/Plugins/Runtime/OpenXR/Content/Devices/M_XRController.uexp" 389
"../../../Engine/Plugins/Runtime/OpenXR/Content/Devices/GoogleDaydream/MI_GoogleDaydream.uasset" 390
"../../../Engine/Plugins/Runtime/OpenXR/Content/Devices/GoogleDaydream/MI_GoogleDaydream.uexp" 391
"../../../Engine/Plugins/Runtime/OpenXR/Content/Devices/GoogleDaydream/GoogleDaydreamController.uasset" 392
"../../../Engine/Plugins/Runtime/OpenXR/Content/Devices/GoogleDaydream/GoogleDaydreamController.uexp" 393
"../../../Engine/Plugins/Runtime/OpenXR/Content/Devices/HTCVive/BaseTexture.uasset" 394
"../../../Engine/Plugins/Runtime/OpenXR/Content/Devices/HTCVive/BaseTexture.uexp" 395
"../../../Engine/Plugins/Runtime/OpenXR/Content/Devices/HTCVive/BaseTexture.ubulk" 396
"../../../Engine/Plugins/Runtime/OpenXR/Content/Devices/HTCVive/MI_HTCVive.uasset" 397
"../../../Engine/Plugins/Runtime/OpenXR/Content/Devices/HTCVive/MI_HTCVive.uexp" 398
"../../../Engine/Plugins/Runtime/OpenXR/Content/Devices/HTCVive/HTCViveController.uasset" 399
"../../../Engine/Plugins/Runtime/OpenXR/Content/Devices/HTCVive/HTCViveController.uexp" 400
"../../../Engine/Plugins/Runtime/OpenXR/Content/Devices/MicrosoftMixedReality/NormalTexture.uasset" 401
"../../../Engine/Plugins/Runtime/OpenXR/Content/Devices/MicrosoftMixedReality/NormalTexture.uexp" 402
"../../../Engine/Plugins/Runtime/OpenXR/Content/Devices/MicrosoftMixedReality/NormalTexture.ubulk" 403
"../../../Engine/Plugins/Runtime/OpenXR/Content/Devices/MicrosoftMixedReality/MRTexture.uasset" 404
"../../../Engine/Plugins/Runtime/OpenXR/Content/Devices/MicrosoftMixedReality/MRTexture.uexp" 405
"../../../Engine/Plugins/Runtime/OpenXR/Content/Devices/MicrosoftMixedReality/MRTexture.ubulk" 406
"../../../Engine/Plugins/Runtime/OpenXR/Content/Devices/MicrosoftMixedReality/EmissiveTexture.uasset" 407
"../../../Engine/Plugins/Runtime/OpenXR/Content/Devices/MicrosoftMixedReality/EmissiveTexture.uexp" 408
"../../../Engine/Plugins/Runtime/OpenXR/Content/Devices/MicrosoftMixedReality/EmissiveTexture.ubulk" 409
"../../../Engine/Plugins/Runtime/OpenXR/Content/Devices/MicrosoftMixedReality/BaseTexture.uasset" 410
"../../../Engine/Plugins/Runtime/OpenXR/Content/Devices/MicrosoftMixedReality/BaseTexture.uexp" 411
"../../../Engine/Plugins/Runtime/OpenXR/Content/Devices/MicrosoftMixedReality/BaseTexture.ubulk" 412
"../../../Engine/Plugins/Runtime/OpenXR/Content/Devices/MicrosoftMixedReality/MI_MicrosoftMixedReality.uasset" 413
"../../../Engine/Plugins/Runtime/OpenXR/Content/Devices/MicrosoftMixedReality/MI_MicrosoftMixedReality.uexp" 414
"../../../Engine/Plugins/Runtime/OpenXR/Content/Devices/MicrosoftMixedReality/Left/left_MicrosoftMixedRealityController.uasset" 415
"../../../Engine/Plugins/Runtime/OpenXR/Content/Devices/MicrosoftMixedReality/Left/left_MicrosoftMixedRealityController.uexp" 416
"../../../Engine/Plugins/Runtime/OpenXR/Content/Devices/MicrosoftMixedReality/Right/right_MicrosoftMixedRealityController.uasset" 417
"../../../Engine/Plugins/Runtime/OpenXR/Content/Devices/MicrosoftMixedReality/Right/right_MicrosoftMixedRealityController.uexp" 418
"../../../Engine/Plugins/Runtime/OpenXR/Content/Devices/OculusGo/BaseTexture.uasset" 419
"../../../Engine/Plugins/Runtime/OpenXR/Content/Devices/OculusGo/BaseTexture.uexp" 420
"../../../Engine/Plugins/Runtime/OpenXR/Content/Devices/OculusGo/BaseTexture.ubulk" 421
"../../../Engine/Plugins/Runtime/OpenXR/Content/Devices/OculusGo/MI_OculusGo.uasset" 422
"../../../Engine/Plugins/Runtime/OpenXR/Content/Devices/OculusGo/MI_OculusGo.uexp" 423
"../../../Engine/Plugins/Runtime/OpenXR/Content/Devices/OculusGo/OculusGoController.uasset" 424
"../../../Engine/Plugins/Runtime/OpenXR/Content/Devices/OculusGo/OculusGoController.uexp" 425
"../../../Engine/Plugins/Runtime/OpenXR/Content/Devices/OculusTouch/MRTexture.uasset" 426
"../../../Engine/Plugins/Runtime/OpenXR/Content/Devices/OculusTouch/MRTexture.uexp" 427
"../../../Engine/Plugins/Runtime/OpenXR/Content/Devices/OculusTouch/MRTexture.ubulk" 428
"../../../Engine/Plugins/Runtime/OpenXR/Content/Devices/OculusTouch/BaseTexture.uasset" 429
"../../../Engine/Plugins/Runtime/OpenXR/Content/Devices/OculusTouch/BaseTexture.uexp" 430
"../../../Engine/Plugins/Runtime/OpenXR/Content/Devices/OculusTouch/BaseTexture.ubulk" 431
"../../../Engine/Plugins/Runtime/OpenXR/Content/Devices/OculusTouch/MI_OculusTouch.uasset" 432
"../../../Engine/Plugins/Runtime/OpenXR/Content/Devices/OculusTouch/MI_OculusTouch.uexp" 433
"../../../Engine/Plugins/Runtime/OpenXR/Content/Devices/OculusTouch/Left/left_OculusTouchController.uasset" 434
"../../../Engine/Plugins/Runtime/OpenXR/Content/Devices/OculusTouch/Left/left_OculusTouchController.uexp" 435
"../../../Engine/Plugins/Runtime/OpenXR/Content/Devices/OculusTouch/Right/right_OculusTouchController.uasset" 436
"../../../Engine/Plugins/Runtime/OpenXR/Content/Devices/OculusTouch/Right/right_OculusTouchController.uexp" 437
"../../../Engine/Plugins/Runtime/OpenXR/Content/Devices/OculusTouch_v2/MRTexture.uasset" 438
"../../../Engine/Plugins/Runtime/OpenXR/Content/Devices/OculusTouch_v2/MRTexture.uexp" 439
"../../../Engine/Plugins/Runtime/OpenXR/Content/Devices/OculusTouch_v2/MRTexture.ubulk" 440
"../../../Engine/Plugins/Runtime/OpenXR/Content/Devices/OculusTouch_v2/BaseTexture.uasset" 441
"../../../Engine/Plugins/Runtime/OpenXR/Content/Devices/OculusTouch_v2/BaseTexture.uexp" 442
"../../../Engine/Plugins/Runtime/OpenXR/Content/Devices/OculusTouch_v2/BaseTexture.ubulk" 443
"../../../Engine/Plugins/Runtime/OpenXR/Content/Devices/OculusTouch_v2/MI_OculusTouch_v2.uasset" 444
"../../../Engine/Plugins/Runtime/OpenXR/Content/Devices/OculusTouch_v2/MI_OculusTouch_v2.uexp" 445
"../../../Engine/Plugins/Runtime/OpenXR/Content/Devices/OculusTouch_v2/Left/left_OculusTouch_v2Controller.uasset" 446
"../../../Engine/Plugins/Runtime/OpenXR/Content/Devices/OculusTouch_v2/Left/left_OculusTouch_v2Controller.uexp" 447
"../../../Engine/Plugins/Runtime/OpenXR/Content/Devices/OculusTouch_v2/Right/right_OculusTouch_v2Controller.uasset" 448
"../../../Engine/Plugins/Runtime/OpenXR/Content/Devices/OculusTouch_v2/Right/right_OculusTouch_v2Controller.uexp" 449
"../../../Engine/Plugins/Runtime/OpenXR/Content/Devices/OculusTouch_v3/MRTexture.uasset" 450
"../../../Engine/Plugins/Runtime/OpenXR/Content/Devices/OculusTouch_v3/MRTexture.uexp" 451
"../../../Engine/Plugins/Runtime/OpenXR/Content/Devices/OculusTouch_v3/MRTexture.ubulk" 452
"../../../Engine/Plugins/Runtime/OpenXR/Content/Devices/OculusTouch_v3/BaseTexture.uasset" 453
"../../../Engine/Plugins/Runtime/OpenXR/Content/Devices/OculusTouch_v3/BaseTexture.uexp" 454
"../../../Engine/Plugins/Runtime/OpenXR/Content/Devices/OculusTouch_v3/BaseTexture.ubulk" 455
"../../../Engine/Plugins/Runtime/OpenXR/Content/Devices/OculusTouch_v3/MI_OculusTouch_v3.uasset" 456
"../../../Engine/Plugins/Runtime/OpenXR/Content/Devices/OculusTouch_v3/MI_OculusTouch_v3.uexp" 457
"../../../Engine/Plugins/Runtime/OpenXR/Content/Devices/OculusTouch_v3/Left/left_OculusTouch_v3Controller.uasset" 458
"../../../Engine/Plugins/Runtime/OpenXR/Content/Devices/OculusTouch_v3/Left/left_OculusTouch_v3Controller.uexp" 459
"../../../Engine/Plugins/Runtime/OpenXR/Content/Devices/OculusTouch_v3/Right/right_OculusTouch_v3Controller.uasset" 460
"../../../Engine/Plugins/Runtime/OpenXR/Content/Devices/OculusTouch_v3/Right/right_OculusTouch_v3Controller.uexp" 461
"../../../Engine/Plugins/Runtime/OpenXR/Content/Devices/ValveIndex/MRTexture.uasset" 462
"../../../Engine/Plugins/Runtime/OpenXR/Content/Devices/ValveIndex/MRTexture.uexp" 463
"../../../Engine/Plugins/Runtime/OpenXR/Content/Devices/ValveIndex/MRTexture.ubulk" 464
"../../../Engine/Plugins/Runtime/OpenXR/Content/Devices/ValveIndex/BaseTexture.uasset" 465
"../../../Engine/Plugins/Runtime/OpenXR/Content/Devices/ValveIndex/BaseTexture.uexp" 466
"../../../Engine/Plugins/Runtime/OpenXR/Content/Devices/ValveIndex/BaseTexture.ubulk" 467
"../../../Engine/Plugins/Runtime/OpenXR/Content/Devices/ValveIndex/Left/MI_left_ValveIndex.uasset" 468
"../../../Engine/Plugins/Runtime/OpenXR/Content/Devices/ValveIndex/Left/MI_left_ValveIndex.uexp" 469
"../../../Engine/Plugins/Runtime/OpenXR/Content/Devices/ValveIndex/Left/left_ValveIndexController.uasset" 470
"../../../Engine/Plugins/Runtime/OpenXR/Content/Devices/ValveIndex/Left/left_ValveIndexController.uexp" 471
"../../../Engine/Plugins/Runtime/OpenXR/Content/Devices/ValveIndex/Right/MI_right_ValveIndex.uasset" 472
"../../../Engine/Plugins/Runtime/OpenXR/Content/Devices/ValveIndex/Right/MI_right_ValveIndex.uexp" 473
"../../../Engine/Plugins/Runtime/OpenXR/Content/Devices/ValveIndex/Right/right_ValveIndexController.uasset" 474
"../../../Engine/Plugins/Runtime/OpenXR/Content/Devices/ValveIndex/Right/right_ValveIndexController.uexp" 475
"../../../Engine/Content/EditorResources/MatineeCam_D.uasset" 476
"../../../Engine/Content/EditorResources/MatineeCam_D.uexp" 477
"../../../Engine/Content/EditorMaterials/MatineeCam_mat.uasset" 478
"../../../Engine/Content/EditorMaterials/MatineeCam_mat.uexp" 479
"../../../Engine/Content/EditorMeshes/MatineeCam_SM.uasset" 480
"../../../Engine/Content/EditorMeshes/MatineeCam_SM.uexp" 481
"../../../Engine/Content/EditorBlueprintResources/StandardMacros.uasset" 482
"../../../Engine/Content/EditorBlueprintResources/StandardMacros.uexp" 483
"D:/Documents/VR Projects/Coral_Collector_4_27/Content/VRSpectator/RT_VRSpectator.uasset" 484
"D:/Documents/VR Projects/Coral_Collector_4_27/Content/VRSpectator/RT_VRSpectator.uexp" 485
"D:/Documents/VR Projects/Coral_Collector_4_27/Content/VRSpectator/VRSpectator.uasset" 486
"D:/Documents/VR Projects/Coral_Collector_4_27/Content/VRSpectator/VRSpectator.uexp" 487
"D:/Documents/VR Projects/Coral_Collector_4_27/Content/Geometry/Meshes/CubeMaterial.uasset" 488
"D:/Documents/VR Projects/Coral_Collector_4_27/Content/Geometry/Meshes/CubeMaterial.uexp" 489
"D:/Documents/VR Projects/Coral_Collector_4_27/Content/Geometry/Meshes/TemplateFloor.uasset" 490
"D:/Documents/VR Projects/Coral_Collector_4_27/Content/Geometry/Meshes/TemplateFloor.uexp" 491
"D:/Documents/VR Projects/Coral_Collector_4_27/Content/Geometry/Meshes/1M_Cube_Chamfer.uasset" 492
"D:/Documents/VR Projects/Coral_Collector_4_27/Content/Geometry/Meshes/1M_Cube_Chamfer.uexp" 493
"D:/Documents/VR Projects/Coral_Collector_4_27/Content/Geometry/Meshes/1M_Cube.uasset" 494
"D:/Documents/VR Projects/Coral_Collector_4_27/Content/Geometry/Meshes/1M_Cube.uexp" 495
"D:/Documents/VR Projects/Coral_Collector_4_27/Content/VRTemplate/Audio/Fire01.uasset" 496
"D:/Documents/VR Projects/Coral_Collector_4_27/Content/VRTemplate/Audio/Fire01.uexp" 497
"D:/Documents/VR Projects/Coral_Collector_4_27/Content/VRTemplate/Audio/Fire_Cue.uasset" 498
"D:/Documents/VR Projects/Coral_Collector_4_27/Content/VRTemplate/Audio/Fire_Cue.uexp" 499
"D:/Documents/VR Projects/Coral_Collector_4_27/Content/VRTemplate/Haptics/GrabHapticEffect.uasset" 500
"D:/Documents/VR Projects/Coral_Collector_4_27/Content/VRTemplate/Haptics/GrabHapticEffect.uexp" 501
"D:/Documents/VR Projects/Coral_Collector_4_27/Content/VRTemplate/Blueprints/VRInteractionBPI.uasset" 502
"D:/Documents/VR Projects/Coral_Collector_4_27/Content/VRTemplate/Blueprints/VRInteractionBPI.uexp" 503
"D:/Documents/VR Projects/Coral_Collector_4_27/Content/VRTemplate/Blueprints/GrabType.uasset" 504
"D:/Documents/VR Projects/Coral_Collector_4_27/Content/VRTemplate/Blueprints/GrabType.uexp" 505
"D:/Documents/VR Projects/Coral_Collector_4_27/Content/VRTemplate/Blueprints/GrabComponent.uasset" 506
"D:/Documents/VR Projects/Coral_Collector_4_27/Content/VRTemplate/Blueprints/GrabComponent.uexp" 507
"../../../Engine/Content/VREditor/BasicMeshes/T_CleanFloorGrunge_01_D.uasset" 508
"../../../Engine/Content/VREditor/BasicMeshes/T_CleanFloorGrunge_01_D.uexp" 509
"../../../Engine/Content/VREditor/BasicMeshes/T_CleanFloorGrunge_01_D.ubulk" 510
"../../../Engine/Content/VREditor/BasicMeshes/M_Floor_01.uasset" 511
"../../../Engine/Content/VREditor/BasicMeshes/M_Floor_01.uexp" 512
"../../../Engine/Content/VREditor/BasicMeshes/MI_Cube_01.uasset" 513
"../../../Engine/Content/VREditor/BasicMeshes/MI_Cube_01.uexp" 514
"../../../Engine/Content/VREditor/BasicMeshes/SM_Cube_01.uasset" 515
"../../../Engine/Content/VREditor/BasicMeshes/SM_Cube_01.uexp" 516
"D:/Documents/VR Projects/Coral_Collector_4_27/Content/VRTemplate/Blueprints/Grabbable_SmallCube.uasset" 517
"D:/Documents/VR Projects/Coral_Collector_4_27/Content/VRTemplate/Blueprints/Grabbable_SmallCube.uexp" 518
"D:/Documents/VR Projects/Coral_Collector_4_27/Content/FPWeapon/Mesh/SK_FPGun_Skeleton.uasset" 519
"D:/Documents/VR Projects/Coral_Collector_4_27/Content/FPWeapon/Mesh/SK_FPGun_Skeleton.uexp" 520
"D:/Documents/VR Projects/Coral_Collector_4_27/Content/FPWeapon/Mesh/SK_FPGun_PhysicsAsset.uasset" 521
"D:/Documents/VR Projects/Coral_Collector_4_27/Content/FPWeapon/Mesh/SK_FPGun_PhysicsAsset.uexp" 522
"D:/Documents/VR Projects/Coral_Collector_4_27/Content/FPWeapon/Textures/T_FPGun_N.uasset" 523
"D:/Documents/VR Projects/Coral_Collector_4_27/Content/FPWeapon/Textures/T_FPGun_N.uexp" 524
"D:/Documents/VR Projects/Coral_Collector_4_27/Content/FPWeapon/Textures/T_FPGun_N.ubulk" 525
"D:/Documents/VR Projects/Coral_Collector_4_27/Content/FPWeapon/Textures/T_FPGun_M.uasset" 526
"D:/Documents/VR Projects/Coral_Collector_4_27/Content/FPWeapon/Textures/T_FPGun_M.uexp" 527
"D:/Documents/VR Projects/Coral_Collector_4_27/Content/FPWeapon/Textures/T_FPGun_M.ubulk" 528
"D:/Documents/VR Projects/Coral_Collector_4_27/Content/FPWeapon/Materials/MaterialLayers/T_ML_Rubber_Blue_01_N.uasset" 529
"D:/Documents/VR Projects/Coral_Collector_4_27/Content/FPWeapon/Materials/MaterialLayers/T_ML_Rubber_Blue_01_N.uexp" 530
"D:/Documents/VR Projects/Coral_Collector_4_27/Content/FPWeapon/Materials/MaterialLayers/T_ML_Rubber_Blue_01_N.ubulk" 531
"D:/Documents/VR Projects/Coral_Collector_4_27/Content/FPWeapon/Materials/MaterialLayers/T_ML_Rubber_Blue_01_D.uasset" 532
"D:/Documents/VR Projects/Coral_Collector_4_27/Content/FPWeapon/Materials/MaterialLayers/T_ML_Rubber_Blue_01_D.uexp" 533
"D:/Documents/VR Projects/Coral_Collector_4_27/Content/FPWeapon/Materials/MaterialLayers/T_ML_Rubber_Blue_01_D.ubulk" 534
"D:/Documents/VR Projects/Coral_Collector_4_27/Content/FPWeapon/Materials/MaterialLayers/T_ML_Aluminum01_N.uasset" 535
"D:/Documents/VR Projects/Coral_Collector_4_27/Content/FPWeapon/Materials/MaterialLayers/T_ML_Aluminum01_N.uexp" 536
"D:/Documents/VR Projects/Coral_Collector_4_27/Content/FPWeapon/Materials/MaterialLayers/T_ML_Aluminum01_N.ubulk" 537
"D:/Documents/VR Projects/Coral_Collector_4_27/Content/FPWeapon/Materials/MaterialLayers/T_ML_Aluminum01.uasset" 538
"D:/Documents/VR Projects/Coral_Collector_4_27/Content/FPWeapon/Materials/MaterialLayers/T_ML_Aluminum01.uexp" 539
"D:/Documents/VR Projects/Coral_Collector_4_27/Content/FPWeapon/Materials/MaterialLayers/T_ML_Aluminum01.ubulk" 540
"D:/Documents/VR Projects/Coral_Collector_4_27/Content/FPWeapon/Materials/MaterialLayers/ML_SoftMetal_UE4.uasset" 541
"D:/Documents/VR Projects/Coral_Collector_4_27/Content/FPWeapon/Materials/MaterialLayers/ML_SoftMetal_UE4.uexp" 542
"D:/Documents/VR Projects/Coral_Collector_4_27/Content/FPWeapon/Materials/MaterialLayers/ML_Screen.uasset" 543
"D:/Documents/VR Projects/Coral_Collector_4_27/Content/FPWeapon/Materials/MaterialLayers/ML_Screen.uexp" 544
"D:/Documents/VR Projects/Coral_Collector_4_27/Content/FPWeapon/Materials/MaterialLayers/ML_Plastic_Shiny_Beige.uasset" 545
"D:/Documents/VR Projects/Coral_Collector_4_27/Content/FPWeapon/Materials/MaterialLayers/ML_Plastic_Shiny_Beige.uexp" 546
"D:/Documents/VR Projects/Coral_Collector_4_27/Content/FPWeapon/Materials/MaterialLayers/ML_GlossyBlack_Latex_UE4.uasset" 547
"D:/Documents/VR Projects/Coral_Collector_4_27/Content/FPWeapon/Materials/MaterialLayers/ML_GlossyBlack_Latex_UE4.uexp" 548
"../../../Engine/Content/Functions/MaterialLayerFunctions/MatLayerBlend_Simple.uasset" 549
"../../../Engine/Content/Functions/MaterialLayerFunctions/MatLayerBlend_Simple.uexp" 550
"../../../Engine/Content/Functions/Engine_MaterialFunctions02/Utility/BlendAngleCorrectedNormals.uasset" 551
"../../../Engine/Content/Functions/Engine_MaterialFunctions02/Utility/BlendAngleCorrectedNormals.uexp" 552
"../../../Engine/Content/Functions/MaterialLayerFunctions/MatLayerBlend_NormalBlend.uasset" 553
"../../../Engine/Content/Functions/MaterialLayerFunctions/MatLayerBlend_NormalBlend.uexp" 554
"D:/Documents/VR Projects/Coral_Collector_4_27/Content/FPWeapon/Materials/M_FPGun.uasset" 555
"D:/Documents/VR Projects/Coral_Collector_4_27/Content/FPWeapon/Materials/M_FPGun.uexp" 556
"D:/Documents/VR Projects/Coral_Collector_4_27/Content/FPWeapon/Mesh/SK_FPGun.uasset" 557
"D:/Documents/VR Projects/Coral_Collector_4_27/Content/FPWeapon/Mesh/SK_FPGun.uexp" 558
"../../../Engine/Content/BasicShapes/Sphere.uasset" 559
"../../../Engine/Content/BasicShapes/Sphere.uexp" 560
"D:/Documents/VR Projects/Coral_Collector_4_27/Content/VRTemplate/Materials/M_Projectile.uasset" 561
"D:/Documents/VR Projects/Coral_Collector_4_27/Content/VRTemplate/Materials/M_Projectile.uexp" 562
"D:/Documents/VR Projects/Coral_Collector_4_27/Content/VRTemplate/Materials/MI_Projectile.uasset" 563
"D:/Documents/VR Projects/Coral_Collector_4_27/Content/VRTemplate/Materials/MI_Projectile.uexp" 564
"D:/Documents/VR Projects/Coral_Collector_4_27/Content/VRTemplate/Blueprints/Projectile.uasset" 565
"D:/Documents/VR Projects/Coral_Collector_4_27/Content/VRTemplate/Blueprints/Projectile.uexp" 566
"D:/Documents/VR Projects/Coral_Collector_4_27/Content/VRTemplate/Haptics/PistolFireHapticEffect.uasset" 567
"D:/Documents/VR Projects/Coral_Collector_4_27/Content/VRTemplate/Haptics/PistolFireHapticEffect.uexp" 568
"D:/Documents/VR Projects/Coral_Collector_4_27/Content/VRTemplate/Blueprints/Pistol.uasset" 569
"D:/Documents/VR Projects/Coral_Collector_4_27/Content/VRTemplate/Blueprints/Pistol.uexp" 570
"D:/Documents/VR Projects/Coral_Collector_4_27/Content/VRTemplate/Materials/M_VRCursor.uasset" 571
"D:/Documents/VR Projects/Coral_Collector_4_27/Content/VRTemplate/Materials/M_VRCursor.uexp" 572
"D:/Documents/VR Projects/Coral_Collector_4_27/Content/VRTemplate/Blueprints/WidgetMenu.uasset" 573
"D:/Documents/VR Projects/Coral_Collector_4_27/Content/VRTemplate/Blueprints/WidgetMenu.uexp" 574
"D:/Documents/VR Projects/Coral_Collector_4_27/Content/VRTemplate/Blueprints/Menu.uasset" 575
"D:/Documents/VR Projects/Coral_Collector_4_27/Content/VRTemplate/Blueprints/Menu.uexp" 576
"../../../Engine/Plugins/FX/Niagara/Content/Enums/Ribbons/ENiagara_UnsetDirectSet.uasset" 577
"../../../Engine/Plugins/FX/Niagara/Content/Enums/Ribbons/ENiagara_UnsetDirectSet.uexp" 578
"../../../Engine/Plugins/FX/Niagara/Content/Enums/ENiagaraSystemInactiveMode.uasset" 579
"../../../Engine/Plugins/FX/Niagara/Content/Enums/ENiagaraSystemInactiveMode.uexp" 580
"../../../Engine/Plugins/FX/Niagara/Content/Enums/ENiagaraRandomnessMode.uasset" 581
"../../../Engine/Plugins/FX/Niagara/Content/Enums/ENiagaraRandomnessMode.uexp" 582
"../../../Engine/Plugins/FX/Niagara/Content/Enums/ENiagaraRandomnessEvaluation.uasset" 583
"../../../Engine/Plugins/FX/Niagara/Content/Enums/ENiagaraRandomnessEvaluation.uexp" 584
"../../../Engine/Plugins/FX/Niagara/Content/Enums/ENiagaraInactiveMode.uasset" 585
"../../../Engine/Plugins/FX/Niagara/Content/Enums/ENiagaraInactiveMode.uexp" 586
"../../../Engine/Plugins/FX/Niagara/Content/Enums/ENiagaraEmitterScalabilityMode_Limited.uasset" 587
"../../../Engine/Plugins/FX/Niagara/Content/Enums/ENiagaraEmitterScalabilityMode_Limited.uexp" 588
"../../../Engine/Plugins/FX/Niagara/Content/Enums/ENiagaraChannelCorrelation.uasset" 589
"../../../Engine/Plugins/FX/Niagara/Content/Enums/ENiagaraChannelCorrelation.uexp" 590
"../../../Engine/Plugins/FX/Niagara/Content/Enums/ENiagaraArraySamplingMode.uasset" 591
"../../../Engine/Plugins/FX/Niagara/Content/Enums/ENiagaraArraySamplingMode.uexp" 592
"../../../Engine/Plugins/FX/Niagara/Content/Enums/ENiagara_WrapClamp.uasset" 593
"../../../Engine/Plugins/FX/Niagara/Content/Enums/ENiagara_WrapClamp.uexp" 594
"../../../Engine/Plugins/FX/Niagara/Content/Enums/ENiagara_PositionInitializationMode.uasset" 595
"../../../Engine/Plugins/FX/Niagara/Content/Enums/ENiagara_PositionInitializationMode.uexp" 596
"../../../Engine/Plugins/FX/Niagara/Content/Enums/ENiagara_MassInitializationMode.uasset" 597
"../../../Engine/Plugins/FX/Niagara/Content/Enums/ENiagara_MassInitializationMode.uexp" 598
"../../../Engine/Plugins/FX/Niagara/Content/Enums/ENiagara_LifetimeMode.uasset" 599
"../../../Engine/Plugins/FX/Niagara/Content/Enums/ENiagara_LifetimeMode.uexp" 600
"../../../Engine/Plugins/FX/Niagara/Content/Enums/ENiagara_InfiniteLoopDuration.uasset" 601
"../../../Engine/Plugins/FX/Niagara/Content/Enums/ENiagara_InfiniteLoopDuration.uexp" 602
"../../../Engine/Plugins/FX/Niagara/Content/Enums/ENiagara_EmitterStateOptions.uasset" 603
"../../../Engine/Plugins/FX/Niagara/Content/Enums/ENiagara_EmitterStateOptions.uexp" 604
"../../../Engine/Plugins/FX/Niagara/Content/Enums/ENiagara_ColorInitializationMode.uasset" 605
"../../../Engine/Plugins/FX/Niagara/Content/Enums/ENiagara_ColorInitializationMode.uexp" 606
"../../../Engine/Plugins/FX/Niagara/Content/Modules/Update/Lifetime/ParticleState.uasset" 607
"../../../Engine/Plugins/FX/Niagara/Content/Modules/Update/Lifetime/ParticleState.uexp" 608
"../../../Engine/Plugins/FX/Niagara/Content/Functions/System/SystemChangeState.uasset" 609
"../../../Engine/Plugins/FX/Niagara/Content/Functions/System/SystemChangeState.uexp" 610
"../../../Engine/Plugins/FX/Niagara/Content/Modules/System/SystemState.uasset" 611
"../../../Engine/Plugins/FX/Niagara/Content/Modules/System/SystemState.uexp" 612
"../../../Engine/Plugins/FX/Niagara/Content/Functions/GetRandomInfo.uasset" 613
"../../../Engine/Plugins/FX/Niagara/Content/Functions/GetRandomInfo.uexp" 614
"../../../Engine/Plugins/FX/Niagara/Content/Functions/RandomRangeFloat.uasset" 615
"../../../Engine/Plugins/FX/Niagara/Content/Functions/RandomRangeFloat.uexp" 616
"../../../Engine/Plugins/FX/Niagara/Content/Functions/Localspace/TransformBase.uasset" 617
"../../../Engine/Plugins/FX/Niagara/Content/Functions/Localspace/TransformBase.uexp" 618
"../../../Engine/Plugins/FX/Niagara/Content/Functions/Localspace/TransformVector.uasset" 619
"../../../Engine/Plugins/FX/Niagara/Content/Functions/Localspace/TransformVector.uexp" 620
"../../../Engine/Plugins/FX/Niagara/Content/Functions/LinearColor/HueShiftLinearColor.uasset" 621
"../../../Engine/Plugins/FX/Niagara/Content/Functions/LinearColor/HueShiftLinearColor.uexp" 622
"../../../Engine/Plugins/FX/Niagara/Content/Functions/V2/CalculateRandomRangeFloat.uasset" 623
"../../../Engine/Plugins/FX/Niagara/Content/Functions/V2/CalculateRandomRangeFloat.uexp" 624
"../../../Engine/Plugins/FX/Niagara/Content/Functions/V2/CalculateRandomRange.uasset" 625
"../../../Engine/Plugins/FX/Niagara/Content/Functions/V2/CalculateRandomRange.uexp" 626
"../../../Engine/Plugins/FX/Niagara/Content/Functions/Localspace/SimulationPosition.uasset" 627
"../../../Engine/Plugins/FX/Niagara/Content/Functions/Localspace/SimulationPosition.uexp" 628
"../../../Engine/Plugins/FX/Niagara/Content/Modules/Spawn/Initialization/InitializeRibbon.uasset" 629
"../../../Engine/Plugins/FX/Niagara/Content/Modules/Spawn/Initialization/InitializeRibbon.uexp" 630
"../../../Engine/Plugins/FX/Niagara/Content/Modules/Emitter/SpawnBurst_Instantaneous.uasset" 631
"../../../Engine/Plugins/FX/Niagara/Content/Modules/Emitter/SpawnBurst_Instantaneous.uexp" 632
"../../../Engine/Plugins/FX/Niagara/Content/Functions/Emitter/EmitterChangeState.uasset" 633
"../../../Engine/Plugins/FX/Niagara/Content/Functions/Emitter/EmitterChangeState.uexp" 634
"../../../Engine/Plugins/FX/Niagara/Content/Enums/ENiagaraExecutionStateManagement.uasset" 635
"../../../Engine/Plugins/FX/Niagara/Content/Enums/ENiagaraExecutionStateManagement.uexp" 636
"../../../Engine/Plugins/FX/Niagara/Content/Enums/ENiagaraEmitterLifeCycleMode.uasset" 637
"../../../Engine/Plugins/FX/Niagara/Content/Enums/ENiagaraEmitterLifeCycleMode.uexp" 638
"../../../Engine/Plugins/FX/Niagara/Content/Modules/Emitter/EmitterState.uasset" 639
"../../../Engine/Plugins/FX/Niagara/Content/Modules/Emitter/EmitterState.uexp" 640
"../../../Engine/Plugins/FX/Niagara/Content/DynamicInputs/Multiply/Multiply_VectorByFloat.uasset" 641
"../../../Engine/Plugins/FX/Niagara/Content/DynamicInputs/Multiply/Multiply_VectorByFloat.uexp" 642
"../../../Engine/Plugins/FX/Niagara/Content/DynamicInputs/Multiply/Multiply_Vector.uasset" 643
"../../../Engine/Plugins/FX/Niagara/Content/DynamicInputs/Multiply/Multiply_Vector.uexp" 644
"../../../Engine/Plugins/FX/Niagara/Content/Functions/NormalizedExecutionIndex.uasset" 645
"../../../Engine/Plugins/FX/Niagara/Content/Functions/NormalizedExecutionIndex.uexp" 646
"../../../Engine/Plugins/FX/Niagara/Content/DynamicInputs/Execution/ReturnNormalizedExecIndex.uasset" 647
"../../../Engine/Plugins/FX/Niagara/Content/DynamicInputs/Execution/ReturnNormalizedExecIndex.uexp" 648
"../../../Engine/Plugins/FX/Niagara/Content/DynamicInputs/Execution/ReturnExecIndex.uasset" 649
"../../../Engine/Plugins/FX/Niagara/Content/DynamicInputs/Execution/ReturnExecIndex.uexp" 650
"../../../Engine/Plugins/FX/Niagara/Content/Functions/V2/CalculateRandomRangeInteger.uasset" 651
"../../../Engine/Plugins/FX/Niagara/Content/Functions/V2/CalculateRandomRangeInteger.uexp" 652
"../../../Engine/Plugins/FX/Niagara/Content/DynamicInputs/Arrays/SelectVectorFromArray.uasset" 653
"../../../Engine/Plugins/FX/Niagara/Content/DynamicInputs/Arrays/SelectVectorFromArray.uexp" 654
"D:/Documents/VR Projects/Coral_Collector_4_27/Content/VRTemplate/VFX/NPC_VRTemplate.uasset" 655
"D:/Documents/VR Projects/Coral_Collector_4_27/Content/VRTemplate/VFX/NPC_VRTemplate.uexp" 656
"../../../Engine/Content/EngineMaterials/Good64x64TilingNoiseHighFreq.uasset" 657
"../../../Engine/Content/EngineMaterials/Good64x64TilingNoiseHighFreq.uexp" 658
"../../../Engine/Content/Functions/Engine_MaterialFunctions02/Utility/DepthFromWorldPosition.uasset" 659
"../../../Engine/Content/Functions/Engine_MaterialFunctions02/Utility/DepthFromWorldPosition.uexp" 660
"D:/Documents/VR Projects/Coral_Collector_4_27/Content/VRTemplate/Materials/Functions/MF_OccludedPixels.uasset" 661
"D:/Documents/VR Projects/Coral_Collector_4_27/Content/VRTemplate/Materials/Functions/MF_OccludedPixels.uexp" 662
"D:/Documents/VR Projects/Coral_Collector_4_27/Content/VRTemplate/Materials/M_TeleportNoise.uasset" 663
"D:/Documents/VR Projects/Coral_Collector_4_27/Content/VRTemplate/Materials/M_TeleportNoise.uexp" 664
"D:/Documents/VR Projects/Coral_Collector_4_27/Content/VRTemplate/VFX/NS_PlayAreaBounds.uasset" 665
"D:/Documents/VR Projects/Coral_Collector_4_27/Content/VRTemplate/VFX/NS_PlayAreaBounds.uexp" 666
"../../../Engine/Plugins/FX/Niagara/Content/Enums/Ribbons/ENiagara_UnsetDirectSetRandom.uasset" 667
"../../../Engine/Plugins/FX/Niagara/Content/Enums/Ribbons/ENiagara_UnsetDirectSetRandom.uexp" 668
"../../../Engine/Plugins/FX/Niagara/Content/Enums/ENiagaraTorusMode.uasset" 669
"../../../Engine/Plugins/FX/Niagara/Content/Enums/ENiagaraTorusMode.uexp" 670
"../../../Engine/Plugins/FX/Niagara/Content/Enums/ENiagara_UVFlippingMode.uasset" 671
"../../../Engine/Plugins/FX/Niagara/Content/Enums/ENiagara_UVFlippingMode.uexp" 672
"../../../Engine/Plugins/FX/Niagara/Content/Enums/ENiagara_SpriteRotationMode.uasset" 673
"../../../Engine/Plugins/FX/Niagara/Content/Enums/ENiagara_SpriteRotationMode.uexp" 674
"../../../Engine/Plugins/FX/Niagara/Content/Enums/ENiagara_SizeScaleMode.uasset" 675
"../../../Engine/Plugins/FX/Niagara/Content/Enums/ENiagara_SizeScaleMode.uexp" 676
"../../../Engine/Plugins/FX/Niagara/Content/Functions/RandomRange.uasset" 677
"../../../Engine/Plugins/FX/Niagara/Content/Functions/RandomRange.uexp" 678
"../../../Engine/Plugins/FX/Niagara/Content/Functions/PolarToCartesianCoordinates.uasset" 679
"../../../Engine/Plugins/FX/Niagara/Content/Functions/PolarToCartesianCoordinates.uexp" 680
"../../../Engine/Plugins/FX/Niagara/Content/Functions/ParametricTorusKnot.uasset" 681
"../../../Engine/Plugins/FX/Niagara/Content/Functions/ParametricTorusKnot.uexp" 682
"../../../Engine/Plugins/FX/Niagara/Content/Functions/ParametricTorus.uasset" 683
"../../../Engine/Plugins/FX/Niagara/Content/Functions/ParametricTorus.uexp" 684
"../../../Engine/Plugins/FX/Niagara/Content/Functions/Rotation/MultiplyVectorWithQuaternion.uasset" 685
"../../../Engine/Plugins/FX/Niagara/Content/Functions/Rotation/MultiplyVectorWithQuaternion.uexp" 686
"../../../Engine/Plugins/FX/Niagara/Content/Functions/DirectionAndLengthSafe.uasset" 687
"../../../Engine/Plugins/FX/Niagara/Content/Functions/DirectionAndLengthSafe.uexp" 688
"../../../Engine/Plugins/FX/Niagara/Content/Functions/Rotation/FindQuatBetween.uasset" 689
"../../../Engine/Plugins/FX/Niagara/Content/Functions/Rotation/FindQuatBetween.uexp" 690
"../../../Engine/Plugins/FX/Niagara/Content/Functions/Rotation/MultiplyQuaternion.uasset" 691
"../../../Engine/Plugins/FX/Niagara/Content/Functions/Rotation/MultiplyQuaternion.uexp" 692
"../../../Engine/Plugins/FX/Niagara/Content/Functions/Rotation/AxisAngleToQuaternion.uasset" 693
"../../../Engine/Plugins/FX/Niagara/Content/Functions/Rotation/AxisAngleToQuaternion.uexp" 694
"../../../Engine/Plugins/FX/Niagara/Content/Enums/ENiagaraTorusDistributionMode.uasset" 695
"../../../Engine/Plugins/FX/Niagara/Content/Enums/ENiagaraTorusDistributionMode.uexp" 696
"../../../Engine/Plugins/FX/Niagara/Content/Modules/Spawn/Location/TorusLocation.uasset" 697
"../../../Engine/Plugins/FX/Niagara/Content/Modules/Spawn/Location/TorusLocation.uexp" 698
"../../../Engine/Plugins/FX/Niagara/Content/Functions/V2/CalculateRandomBool.uasset" 699
"../../../Engine/Plugins/FX/Niagara/Content/Functions/V2/CalculateRandomBool.uexp" 700
"../../../Engine/Plugins/FX/Niagara/Content/Modules/Spawn/Initialization/V2/InitializeParticle.uasset" 701
"../../../Engine/Plugins/FX/Niagara/Content/Modules/Spawn/Initialization/V2/InitializeParticle.uexp" 702
"D:/Documents/VR Projects/Coral_Collector_4_27/Content/VRTemplate/Materials/M_TeleportCylinder.uasset" 703
"D:/Documents/VR Projects/Coral_Collector_4_27/Content/VRTemplate/Materials/M_TeleportCylinder.uexp" 704
"D:/Documents/VR Projects/Coral_Collector_4_27/Content/VRTemplate/VFX/NS_TeleportRing.uasset" 705
"D:/Documents/VR Projects/Coral_Collector_4_27/Content/VRTemplate/VFX/NS_TeleportRing.uexp" 706
"D:/Documents/VR Projects/Coral_Collector_4_27/Content/VRTemplate/Blueprints/VRTeleportVisualizer.uasset" 707
"D:/Documents/VR Projects/Coral_Collector_4_27/Content/VRTemplate/Blueprints/VRTeleportVisualizer.uexp" 708
"../../../Engine/Plugins/FX/Niagara/Content/Modules/Update/Color/Color.uasset" 709
"../../../Engine/Plugins/FX/Niagara/Content/Modules/Update/Color/Color.uexp" 710
"../../../Engine/Plugins/FX/Niagara/Content/Modules/Spawn/Initialization/InitializeParticle.uasset" 711
"../../../Engine/Plugins/FX/Niagara/Content/Modules/Spawn/Initialization/InitializeParticle.uexp" 712
"../../../Engine/Plugins/FX/Niagara/Content/Modules/Solvers/SolveForcesAndVelocity.uasset" 713
"../../../Engine/Plugins/FX/Niagara/Content/Modules/Solvers/SolveForcesAndVelocity.uexp" 714
"../../../Engine/Plugins/FX/Niagara/Content/Functions/Spline/FindPositionOnBezierSpline.uasset" 715
"../../../Engine/Plugins/FX/Niagara/Content/Functions/Spline/FindPositionOnBezierSpline.uexp" 716
"../../../Engine/Plugins/FX/Niagara/Content/Modules/Beams/SpawnBeam.uasset" 717
"../../../Engine/Plugins/FX/Niagara/Content/Modules/Beams/SpawnBeam.uexp" 718
"../../../Engine/Plugins/FX/Niagara/Content/Modules/Beams/BeamWidth.uasset" 719
"../../../Engine/Plugins/FX/Niagara/Content/Modules/Beams/BeamWidth.uexp" 720
"../../../Engine/Plugins/FX/Niagara/Content/Functions/Localspace/TransformPosition.uasset" 721
"../../../Engine/Plugins/FX/Niagara/Content/Functions/Localspace/TransformPosition.uexp" 722
"../../../Engine/Plugins/FX/Niagara/Content/DynamicInputs/Helpers/SimulationPosition.uasset" 723
"../../../Engine/Plugins/FX/Niagara/Content/DynamicInputs/Helpers/SimulationPosition.uexp" 724
"../../../Engine/Plugins/FX/Niagara/Content/Modules/Beams/BeamEmitterSetup.uasset" 725
"../../../Engine/Plugins/FX/Niagara/Content/Modules/Beams/BeamEmitterSetup.uexp" 726
"../../../Engine/Plugins/FX/Niagara/Content/DynamicInputs/ValueFromCurve/FloatFromCurve.uasset" 727
"../../../Engine/Plugins/FX/Niagara/Content/DynamicInputs/ValueFromCurve/FloatFromCurve.uexp" 728
"../../../Engine/Plugins/FX/Niagara/Content/DynamicInputs/ValueFromCurve/ColorFromCurve.uasset" 729
"../../../Engine/Plugins/FX/Niagara/Content/DynamicInputs/ValueFromCurve/ColorFromCurve.uexp" 730
"D:/Documents/VR Projects/Coral_Collector_4_27/Content/VRTemplate/Materials/DefaultRibbonMaterial_NoGradient.uasset" 731
"D:/Documents/VR Projects/Coral_Collector_4_27/Content/VRTemplate/Materials/DefaultRibbonMaterial_NoGradient.uexp" 732
"D:/Documents/VR Projects/Coral_Collector_4_27/Content/VRTemplate/VFX/NS_TeleportTrace.uasset" 733
"D:/Documents/VR Projects/Coral_Collector_4_27/Content/VRTemplate/VFX/NS_TeleportTrace.uexp" 734
"D:/Documents/VR Projects/Coral_Collector_4_27/Content/VRTemplate/Blueprints/VRPawn.uasset" 735
"D:/Documents/VR Projects/Coral_Collector_4_27/Content/VRTemplate/Blueprints/VRPawn.uexp" 736
"D:/Documents/VR Projects/Coral_Collector_4_27/Content/VRTemplate/Blueprints/VRGameMode.uasset" 737
"D:/Documents/VR Projects/Coral_Collector_4_27/Content/VRTemplate/Blueprints/VRGameMode.uexp" 738
"../../../Engine/Content/EngineSky/T_Sky_Stars.uasset" 739
"../../../Engine/Content/EngineSky/T_Sky_Stars.uexp" 740
"../../../Engine/Content/EngineSky/T_Sky_Stars.ubulk" 741
"../../../Engine/Content/EngineSky/T_Sky_Clouds_M.uasset" 742
"../../../Engine/Content/EngineSky/T_Sky_Clouds_M.uexp" 743
"../../../Engine/Content/EngineSky/T_Sky_Clouds_M.ubulk" 744
"../../../Engine/Content/EngineSky/T_Sky_Blue.uasset" 745
"../../../Engine/Content/EngineSky/T_Sky_Blue.uexp" 746
"../../../Engine/Content/EngineSky/T_Sky_Blue.ubulk" 747
"../../../Engine/Content/EngineSky/M_Sky_Panning_Clouds2.uasset" 748
"../../../Engine/Content/EngineSky/M_Sky_Panning_Clouds2.uexp" 749
"../../../Engine/Content/EngineSky/SM_SkySphere.uasset" 750
"../../../Engine/Content/EngineSky/SM_SkySphere.uexp" 751
"../../../Engine/Content/EngineSky/C_Sky_Zenith_Color.uasset" 752
"../../../Engine/Content/EngineSky/C_Sky_Zenith_Color.uexp" 753
"../../../Engine/Content/EngineSky/C_Sky_Horizon_Color.uasset" 754
"../../../Engine/Content/EngineSky/C_Sky_Horizon_Color.uexp" 755
"../../../Engine/Content/EngineSky/C_Sky_Cloud_Color.uasset" 756
"../../../Engine/Content/EngineSky/C_Sky_Cloud_Color.uexp" 757
"../../../Engine/Content/EngineSky/BP_Sky_Sphere.uasset" 758
"../../../Engine/Content/EngineSky/BP_Sky_Sphere.uexp" 759
"../../../Engine/Content/VREditor/BasicMeshes/MI_Ball_01.uasset" 760
"../../../Engine/Content/VREditor/BasicMeshes/MI_Ball_01.uexp" 761
"../../../Engine/Content/VREditor/BasicMeshes/SM_Ball_01.uasset" 762
"../../../Engine/Content/VREditor/BasicMeshes/SM_Ball_01.uexp" 763
"../../../Engine/Content/BasicShapes/Cube.uasset" 764
"../../../Engine/Content/BasicShapes/Cube.uexp" 765
"D:/Documents/VR Projects/Coral_Collector_4_27/Content/VRTemplate/Textures/T_Grid.uasset" 766
"D:/Documents/VR Projects/Coral_Collector_4_27/Content/VRTemplate/Textures/T_Grid.uexp" 767
"D:/Documents/VR Projects/Coral_Collector_4_27/Content/VRTemplate/Textures/T_Grid.ubulk" 768
"../../../Engine/Content/Functions/Engine_MaterialFunctions02/Utility/MakeFloat3.uasset" 769
"../../../Engine/Content/Functions/Engine_MaterialFunctions02/Utility/MakeFloat3.uexp" 770
"../../../Engine/Content/Functions/Engine_MaterialFunctions02/Utility/AppendMany.uasset" 771
"../../../Engine/Content/Functions/Engine_MaterialFunctions02/Utility/AppendMany.uexp" 772
"../../../Engine/Content/Functions/Engine_MaterialFunctions01/Gradient/LinearGradient.uasset" 773
"../../../Engine/Content/Functions/Engine_MaterialFunctions01/Gradient/LinearGradient.uexp" 774
"../../../Engine/Content/Functions/Engine_MaterialFunctions01/ImageAdjustment/CheapContrast.uasset" 775
"../../../Engine/Content/Functions/Engine_MaterialFunctions01/ImageAdjustment/CheapContrast.uexp" 776
"../../../Engine/Content/Functions/Engine_MaterialFunctions01/Texturing/WorldAlignedTexture.uasset" 777
"../../../Engine/Content/Functions/Engine_MaterialFunctions01/Texturing/WorldAlignedTexture.uexp" 778
"D:/Documents/VR Projects/Coral_Collector_4_27/Content/VRTemplate/Materials/M_GridRotation.uasset" 779
"D:/Documents/VR Projects/Coral_Collector_4_27/Content/VRTemplate/Materials/M_GridRotation.uexp" 780
"D:/Documents/VR Projects/Coral_Collector_4_27/Content/VRTemplate/Materials/MI_Grid_Default.uasset" 781
"D:/Documents/VR Projects/Coral_Collector_4_27/Content/VRTemplate/Materials/MI_Grid_Default.uexp" 782
"D:/Documents/VR Projects/Coral_Collector_4_27/Content/VRTemplate/Materials/MI_Grid_Accent.uasset" 783
"D:/Documents/VR Projects/Coral_Collector_4_27/Content/VRTemplate/Materials/MI_Grid_Accent.uexp" 784
"../../../Engine/Content/BasicShapes/BasicShapeMaterial.uasset" 785
"../../../Engine/Content/BasicShapes/BasicShapeMaterial.uexp" 786
"D:/Documents/VR Projects/Coral_Collector_4_27/Content/VRTemplate/Maps/VRTemplateMap_BuiltData.uasset" 787
"D:/Documents/VR Projects/Coral_Collector_4_27/Content/VRTemplate/Maps/VRTemplateMap_BuiltData.uexp" 788
"D:/Documents/VR Projects/Coral_Collector_4_27/Content/VRTemplate/Maps/VRTemplateMap_BuiltData.ubulk" 789
"D:/Documents/VR Projects/Coral_Collector_4_27/Content/VRTemplate/Maps/VRTemplateMap.uexp" 790
"D:/Documents/VR Projects/Coral_Collector_4_27/Content/VRTemplate/Maps/VRTemplateMap.umap" 791
"../../../Engine/Content/Maps/Entry_BuiltData.uasset" 792
"../../../Engine/Content/Maps/Entry_BuiltData.uexp" 793
"../../../Engine/Content/Maps/Entry.uexp" 794
"../../../Engine/Content/Maps/Entry.umap" 795
